AnalyzeLogger - INFO - ablation
AnalyzeLogger - INFO - [19, 4, 13, 4, 12, 1]
AnalyzeLogger - INFO - closure's amount of plausible patches is:  19
AnalyzeLogger - INFO - chart  's amount of plausible patches is:   4
AnalyzeLogger - INFO - math   's amount of plausible patches is:  13
AnalyzeLogger - INFO - time   's amount of plausible patches is:   4
AnalyzeLogger - INFO - lang   's amount of plausible patches is:  12
AnalyzeLogger - INFO - mockito's amount of plausible patches is:   1
AnalyzeLogger - INFO - ablation 's total amount of plausible patches is:  53
AnalyzeLogger - INFO - ablation2
AnalyzeLogger - INFO - [20, 4, 13, 4, 11, 1]
AnalyzeLogger - INFO - closure's amount of plausible patches is:  20
AnalyzeLogger - INFO - chart  's amount of plausible patches is:   4
AnalyzeLogger - INFO - math   's amount of plausible patches is:  13
AnalyzeLogger - INFO - time   's amount of plausible patches is:   4
AnalyzeLogger - INFO - lang   's amount of plausible patches is:  11
AnalyzeLogger - INFO - mockito's amount of plausible patches is:   1
AnalyzeLogger - INFO - ablation2 's total amount of plausible patches is:  53
AnalyzeLogger - INFO - ablation3
AnalyzeLogger - INFO - [18, 4, 14, 2, 11]
AnalyzeLogger - INFO - closure's amount of plausible patches is:  18
AnalyzeLogger - INFO - chart  's amount of plausible patches is:   4
AnalyzeLogger - INFO - math   's amount of plausible patches is:  14
AnalyzeLogger - INFO - time   's amount of plausible patches is:   2
AnalyzeLogger - INFO - lang   's amount of plausible patches is:  11
AnalyzeLogger - INFO - ablation3 's total amount of plausible patches is:  49
AnalyzeLogger - INFO - ori
AnalyzeLogger - INFO - [21, 4, 14, 2, 12, 1]
AnalyzeLogger - INFO - closure's amount of plausible patches is:  21
AnalyzeLogger - INFO - chart  's amount of plausible patches is:   4
AnalyzeLogger - INFO - math   's amount of plausible patches is:  14
AnalyzeLogger - INFO - time   's amount of plausible patches is:   2
AnalyzeLogger - INFO - lang   's amount of plausible patches is:  12
AnalyzeLogger - INFO - mockito's amount of plausible patches is:   1
AnalyzeLogger - INFO - ori 's total amount of plausible patches is:  54
